C:\USERS\ENRICO\DOCUMENTS\VISUAL STUDIO 2010\PROJECTS\SPLIT_STRING\DEBUG\SPLIT_STRING.EXE
C:\USERS\ENRICO\DOCUMENTS\VISUAL STUDIO 2010\PROJECTS\SPLIT_STRING\DEBUG\SPLIT_STRING.ILK
C:\USERS\ENRICO\DOCUMENTS\VISUAL STUDIO 2010\PROJECTS\SPLIT_STRING\DEBUG\SPLIT_STRING.PDB
C:\Users\Enrico\Documents\Visual Studio 2010\Projects\split_string\split_string\Debug\cl.command.1.tlog
C:\Users\Enrico\Documents\Visual Studio 2010\Projects\split_string\split_string\Debug\CL.read.1.tlog
C:\Users\Enrico\Documents\Visual Studio 2010\Projects\split_string\split_string\Debug\CL.write.1.tlog
C:\USERS\ENRICO\DOCUMENTS\VISUAL STUDIO 2010\PROJECTS\SPLIT_STRING\SPLIT_STRING\DEBUG\FUNZIONI.OBJ
C:\Users\Enrico\Documents\Visual Studio 2010\Projects\split_string\split_string\Debug\link.3096.read.1.tlog
C:\Users\Enrico\Documents\Visual Studio 2010\Projects\split_string\split_string\Debug\link.3096.write.1.tlog
C:\Users\Enrico\Documents\Visual Studio 2010\Projects\split_string\split_string\Debug\link.3096-cvtres.read.1.tlog
C:\Users\Enrico\Documents\Visual Studio 2010\Projects\split_string\split_string\Debug\link.3096-cvtres.write.1.tlog
C:\Users\Enrico\Documents\Visual Studio 2010\Projects\split_string\split_string\Debug\link.command.1.tlog
C:\Users\Enrico\Documents\Visual Studio 2010\Projects\split_string\split_string\Debug\link.read.1.tlog
C:\Users\Enrico\Documents\Visual Studio 2010\Projects\split_string\split_string\Debug\link.write.1.tlog
C:\Users\Enrico\Documents\Visual Studio 2010\Projects\split_string\split_string\Debug\link-cvtres.read.1.tlog
C:\Users\Enrico\Documents\Visual Studio 2010\Projects\split_string\split_string\Debug\link-cvtres.write.1.tlog
C:\Users\Enrico\Documents\Visual Studio 2010\Projects\split_string\split_string\Debug\mt.command.1.tlog
C:\Users\Enrico\Documents\Visual Studio 2010\Projects\split_string\split_string\Debug\mt.read.1.tlog
C:\Users\Enrico\Documents\Visual Studio 2010\Projects\split_string\split_string\Debug\mt.write.1.tlog
C:\Users\Enrico\Documents\Visual Studio 2010\Projects\split_string\split_string\Debug\rc.command.1.tlog
C:\Users\Enrico\Documents\Visual Studio 2010\Projects\split_string\split_string\Debug\rc.read.1.tlog
C:\Users\Enrico\Documents\Visual Studio 2010\Projects\split_string\split_string\Debug\rc.write.1.tlog
C:\USERS\ENRICO\DOCUMENTS\VISUAL STUDIO 2010\PROJECTS\SPLIT_STRING\SPLIT_STRING\DEBUG\SPLIT_STRING.EXE.EMBED.MANIFEST
C:\USERS\ENRICO\DOCUMENTS\VISUAL STUDIO 2010\PROJECTS\SPLIT_STRING\SPLIT_STRING\DEBUG\SPLIT_STRING.EXE.EMBED.MANIFEST.RES
C:\USERS\ENRICO\DOCUMENTS\VISUAL STUDIO 2010\PROJECTS\SPLIT_STRING\SPLIT_STRING\DEBUG\SPLIT_STRING.EXE.INTERMEDIATE.MANIFEST
C:\USERS\ENRICO\DOCUMENTS\VISUAL STUDIO 2010\PROJECTS\SPLIT_STRING\SPLIT_STRING\DEBUG\SPLIT_STRING.OBJ
C:\Users\Enrico\Documents\Visual Studio 2010\Projects\split_string\split_string\Debug\split_string_manifest.rc
C:\Users\Enrico\Documents\Visual Studio 2010\Projects\split_string\split_string\Debug\vc100.idb
C:\USERS\ENRICO\DOCUMENTS\VISUAL STUDIO 2010\PROJECTS\SPLIT_STRING\SPLIT_STRING\DEBUG\VC100.PDB
