16:19:05 **** Incremental Build of configuration Debug for project Progetto Algoritmi e Strutture dati ****
make all 
make: Nothing to be done for `all'.
16:20:28 **** Incremental Build of configuration Debug for project Progetto Algoritmi e Strutture dati ****
make all 
make: Nothing to be done for `all'.
16:20:36 **** Incremental Build of configuration Debug for project Progetto Algoritmi e Strutture dati ****
make all 
make: Nothing to be done for `all'.
16:21:57 **** Incremental Build of configuration Debug for project Progetto Algoritmi e Strutture dati ****
make all 
Building file: ../main.c
Invoking: Cross GCC Compiler
gcc -O0 -g3 -Wall -c -fmessage-length=0 -MMD -MP -MF"main.d" -MT"main.d" -o "main.o" "../main.c"
../main.c:4:6: warning: return type of ‘main’ is not ‘int’ [-Wmain]
Finished building: ../main.c
 
Building target: Progetto Algoritmi e Strutture dati
Invoking: Cross G++ Linker
g++  -o "Progetto Algoritmi e Strutture dati"  ./main.o   
Finished building target: Progetto Algoritmi e Strutture dati
 
16:23:17 **** Incremental Build of configuration Debug for project Progetto Algoritmi e Strutture dati ****
make all 
Building file: ../main.c
Invoking: Cross GCC Compiler
gcc -O0 -g3 -Wall -c -fmessage-length=0 -MMD -MP -MF"main.d" -MT"main.d" -o "main.o" "../main.c"
../main.c:4:6: warning: return type of ‘main’ is not ‘int’ [-Wmain]
Finished building: ../main.c
 
Building target: Progetto Algoritmi e Strutture dati
Invoking: Cross G++ Linker
g++  -o "Progetto Algoritmi e Strutture dati"  ./main.o   
Finished building target: Progetto Algoritmi e Strutture dati
 
16:23:21 **** Incremental Build of configuration Debug for project Progetto Algoritmi e Strutture dati ****
make all 
make: Nothing to be done for `all'.
16:23:29 **** Incremental Build of configuration Debug for project Progetto Algoritmi e Strutture dati ****
make all 
make: Nothing to be done for `all'.
16:27:42 **** Incremental Build of configuration Debug for project Progetto Algoritmi e Strutture dati ****
make all 
Building file: ../main.c
Invoking: Cross GCC Compiler
gcc -O0 -g3 -Wall -c -fmessage-length=0 -MMD -MP -MF"main.d" -MT"main.d" -o "main.o" "../main.c"
../main.c:4:6: warning: return type of ‘main’ is not ‘int’ [-Wmain]
Finished building: ../main.c
 
Building target: Progetto Algoritmi e Strutture dati
Invoking: Cross G++ Linker
g++  -o "Progetto Algoritmi e Strutture dati"  ./main.o   
Finished building target: Progetto Algoritmi e Strutture dati
 
16:28:45 **** Incremental Build of configuration Debug for project Progetto Algoritmi e Strutture dati ****
make all 
Building file: ../main.c
Invoking: Cross GCC Compiler
gcc -O0 -g3 -Wall -c -fmessage-length=0 -MMD -MP -MF"main.d" -MT"main.d" -o "main.o" "../main.c"
../main.c:4:6: warning: return type of ‘main’ is not ‘int’ [-Wmain]
../main.c: In function ‘main’:
../main.c:15:3: error: invalid use of void expression
make: *** [main.o] Error 1
16:29:02 **** Incremental Build of configuration Debug for project Progetto Algoritmi e Strutture dati ****
make all 
Building file: ../main.c
Invoking: Cross GCC Compiler
gcc -O0 -g3 -Wall -c -fmessage-length=0 -MMD -MP -MF"main.d" -MT"main.d" -o "main.o" "../main.c"
../main.c:4:6: warning: return type of ‘main’ is not ‘int’ [-Wmain]
Finished building: ../main.c
 
Building target: Progetto Algoritmi e Strutture dati
Invoking: Cross G++ Linker
g++  -o "Progetto Algoritmi e Strutture dati"  ./main.o   
Finished building target: Progetto Algoritmi e Strutture dati
 
16:29:13 **** Incremental Build of configuration Debug for project Progetto Algoritmi e Strutture dati ****
make all 
make: Nothing to be done for `all'.
16:30:43 **** Incremental Build of configuration Debug for project Progetto Algoritmi e Strutture dati ****
make all 
Building file: ../main.c
Invoking: Cross GCC Compiler
gcc -O0 -g3 -Wall -c -fmessage-length=0 -MMD -MP -MF"main.d" -MT"main.d" -o "main.o" "../main.c"
../main.c:4:6: warning: return type of ‘main’ is not ‘int’ [-Wmain]
Finished building: ../main.c
 
Building target: Progetto Algoritmi e Strutture dati
Invoking: Cross G++ Linker
g++  -o "Progetto Algoritmi e Strutture dati"  ./main.o   
Finished building target: Progetto Algoritmi e Strutture dati
 
16:30:47 **** Incremental Build of configuration Debug for project Progetto Algoritmi e Strutture dati ****
make all 
make: Nothing to be done for `all'.
16:30:51 **** Incremental Build of configuration Debug for project Progetto Algoritmi e Strutture dati ****
make all 
make: Nothing to be done for `all'.
16:30:56 **** Incremental Build of configuration Debug for project Progetto Algoritmi e Strutture dati ****
make all 
make: Nothing to be done for `all'.
17:06:22 **** Incremental Build of configuration Debug for project Progetto Algoritmi e Strutture dati ****
make all 
Building file: ../main.c
Invoking: Cross GCC Compiler
gcc -O0 -g3 -Wall -c -fmessage-length=0 -MMD -MP -MF"main.d" -MT"main.d" -o "main.o" "../main.c"
In file included from ../main.c:2:0:
../stack.h: In function ‘pop’:
../stack.h:42:2: error: number of arguments doesn’t match prototype
../stack.h:8:5: error: prototype declaration
../stack.h:46:8: error: ‘testa’ undeclared (first use in this function)
../stack.h:46:8: note: each undeclared identifier is reported only once for each function it appears in
../stack.h:47:4: warning: return makes integer from pointer without a cast [enabled by default]
../main.c: At top level:
../main.c:4:6: warning: return type of ‘main’ is not ‘int’ [-Wmain]
make: *** [main.o] Error 1
17:07:14 **** Incremental Build of configuration Debug for project Progetto Algoritmi e Strutture dati ****
make all 
Building file: ../main.c
Invoking: Cross GCC Compiler
gcc -O0 -g3 -Wall -c -fmessage-length=0 -MMD -MP -MF"main.d" -MT"main.d" -o "main.o" "../main.c"
In file included from ../main.c:2:0:
../stack.h: In function ‘pop’:
../stack.h:47:4: warning: return makes integer from pointer without a cast [enabled by default]
../main.c: At top level:
Finished building: ../main.c
 
Building target: Progetto Algoritmi e Strutture dati
Invoking: Cross G++ Linker
g++  -o "Progetto Algoritmi e Strutture dati"  ./main.o   
../main.c:4:6: warning: return type of ‘main’ is not ‘int’ [-Wmain]
Finished building target: Progetto Algoritmi e Strutture dati
 
17:07:52 **** Incremental Build of configuration Debug for project Progetto Algoritmi e Strutture dati ****
make all 
Building file: ../main.c
Invoking: Cross GCC Compiler
gcc -O0 -g3 -Wall -c -fmessage-length=0 -MMD -MP -MF"main.d" -MT"main.d" -o "main.o" "../main.c"
../main.c:4:6: warning: return type of ‘main’ is not ‘int’ [-Wmain]
Finished building: ../main.c
 
Building target: Progetto Algoritmi e Strutture dati
Invoking: Cross G++ Linker
g++  -o "Progetto Algoritmi e Strutture dati"  ./main.o   
Finished building target: Progetto Algoritmi e Strutture dati
 
17:08:55 **** Incremental Build of configuration Debug for project Progetto Algoritmi e Strutture dati ****
make all 
Building file: ../main.c
Invoking: Cross GCC Compiler
gcc -O0 -g3 -Wall -c -fmessage-length=0 -MMD -MP -MF"main.d" -MT"main.d" -o "main.o" "../main.c"
../main.c:4:6: warning: return type of ‘main’ is not ‘int’ [-Wmain]
../main.c: In function ‘main’:
../main.c:8:5: error: expected ‘,’ or ‘;’ before ‘while’
../main.c:6:7: warning: unused variable ‘valore’ [-Wunused-variable]
make: *** [main.o] Error 1
17:10:00 **** Incremental Build of configuration Debug for project Progetto Algoritmi e Strutture dati ****
make all 
Building file: ../main.c
Invoking: Cross GCC Compiler
gcc -O0 -g3 -Wall -c -fmessage-length=0 -MMD -MP -MF"main.d" -MT"main.d" -o "main.o" "../main.c"
../main.c:4:6: warning: return type of ‘main’ is not ‘int’ [-Wmain]
Finished building: ../main.c
 
Building target: Progetto Algoritmi e Strutture dati
Invoking: Cross G++ Linker
g++  -o "Progetto Algoritmi e Strutture dati"  ./main.o   
Finished building target: Progetto Algoritmi e Strutture dati
 
17:10:21 **** Incremental Build of configuration Debug for project Progetto Algoritmi e Strutture dati ****
make all 
make: Nothing to be done for `all'.
17:10:59 **** Incremental Build of configuration Debug for project Progetto Algoritmi e Strutture dati ****
make all 
Building file: ../main.c
Invoking: Cross GCC Compiler
gcc -O0 -g3 -Wall -c -fmessage-length=0 -MMD -MP -MF"main.d" -MT"main.d" -o "main.o" "../main.c"
../main.c:4:6: warning: return type of ‘main’ is not ‘int’ [-Wmain]
Finished building: ../main.c
 
Building target: Progetto Algoritmi e Strutture dati
Invoking: Cross G++ Linker
g++  -o "Progetto Algoritmi e Strutture dati"  ./main.o   
Finished building target: Progetto Algoritmi e Strutture dati
 
17:11:05 **** Incremental Build of configuration Debug for project Progetto Algoritmi e Strutture dati ****
make all 
make: Nothing to be done for `all'.
17:11:29 **** Incremental Build of configuration Debug for project Progetto Algoritmi e Strutture dati ****
make all 
Building file: ../main.c
Invoking: Cross GCC Compiler
gcc -O0 -g3 -Wall -c -fmessage-length=0 -MMD -MP -MF"main.d" -MT"main.d" -o "main.o" "../main.c"
../main.c:4:6: warning: return type of ‘main’ is not ‘int’ [-Wmain]
Finished building: ../main.c
 
Building target: Progetto Algoritmi e Strutture dati
Invoking: Cross G++ Linker
g++  -o "Progetto Algoritmi e Strutture dati"  ./main.o   
Finished building target: Progetto Algoritmi e Strutture dati
 
17:12:46 **** Incremental Build of configuration Debug for project Progetto Algoritmi e Strutture dati ****
make all 
Building file: ../main.c
Invoking: Cross GCC Compiler
gcc -O0 -g3 -Wall -c -fmessage-length=0 -MMD -MP -MF"main.d" -MT"main.d" -o "main.o" "../main.c"
../main.c:4:6: warning: return type of ‘main’ is not ‘int’ [-Wmain]
Finished building: ../main.c
 
Building target: Progetto Algoritmi e Strutture dati
Invoking: Cross G++ Linker
g++  -o "Progetto Algoritmi e Strutture dati"  ./main.o   
Finished building target: Progetto Algoritmi e Strutture dati
 
